\BOOKMARK [1][-]{section.1}{\376\377\176\352\213\272}{}% 1
\BOOKMARK [2][-]{subsection.1.1}{\376\377\145\160\120\074\122\006\147\220\166\204\123\321\134\125\176\374\217\360}{section.1}% 2
\BOOKMARK [2][-]{subsection.1.2}{\376\377\142\245\124\112\116\073\211\201\121\205\133\271\123\312\176\323\147\204}{section.1}% 3
\BOOKMARK [1][-]{section.2}{\376\377\213\357\135\356\166\370\121\163\133\236\232\214\123\312\122\006\147\220}{}% 4
\BOOKMARK [2][-]{subsection.2.1}{\376\377\213\357\135\356\166\204\142\020\126\340\116\016\131\004\164\006\142\113\153\265\143\242\213\250}{section.2}% 5
\BOOKMARK [2][-]{subsection.2.2}{\376\377\133\146\116\140\145\160\120\074\213\241\173\227\145\271\154\325\166\204\166\356\166\204}{section.2}% 6
\BOOKMARK [2][-]{subsection.2.3}{\376\377\176\374\124\010\133\236\232\214\000:\121\317\134\021\217\320\173\227\153\041\145\160\166\204\133\236\232\214}{section.2}% 7
\BOOKMARK [3][-]{subsubsection.2.3.1}{\376\377\133\236\232\214\230\230\166\356}{subsection.2.3}% 8
\BOOKMARK [3][-]{subsubsection.2.3.2}{\376\377\133\236\232\214\147\141\116\366}{subsection.2.3}% 9
\BOOKMARK [3][-]{subsubsection.2.3.3}{\376\377\173\227\154\325\116\313\176\315}{subsection.2.3}% 10
\BOOKMARK [3][-]{subsubsection.2.3.4}{\376\377\133\236\232\214\176\323\147\234\123\312\122\006\147\220}{subsection.2.3}% 11
\BOOKMARK [3][-]{subsubsection.2.3.5}{\376\377\226\104\137\125\000:\156\220\116\343\170\001}{subsection.2.3}% 12
\BOOKMARK [1][-]{section.3}{\376\377\227\136\176\277\140\047\145\271\172\013\166\204\145\160\120\074\211\343\154\325\133\236\232\214\116\016\122\006\147\220}{}% 13
\BOOKMARK [2][-]{subsection.3.1}{\376\377\154\102\211\343\227\136\176\277\140\047\145\271\172\013\166\204\116\214\122\006\154\325}{section.3}% 14
\BOOKMARK [3][-]{subsubsection.3.1.1}{\376\377\133\236\232\214\230\230\166\356}{subsection.3.1}% 15
\BOOKMARK [3][-]{subsubsection.3.1.2}{\376\377\173\227\154\325\116\313\176\315}{subsection.3.1}% 16
\BOOKMARK [3][-]{subsubsection.3.1.3}{\376\377\133\236\232\214\176\323\147\234\123\312\122\006\147\220}{subsection.3.1}% 17
\BOOKMARK [3][-]{subsubsection.3.1.4}{\376\377\226\104\137\125\000:\156\220\116\343\170\001}{subsection.3.1}% 18
\BOOKMARK [2][-]{subsection.3.2}{\376\377\000P\000y\000t\000h\000o\000n\176\330\126\376\152\041\142\337\227\136\176\277\140\047\145\271\172\013\154\102\211\343\217\307\172\013}{section.3}% 19
\BOOKMARK [3][-]{subsubsection.3.2.1}{\376\377\133\236\232\214\230\230\166\356}{subsection.3.2}% 20
\BOOKMARK [3][-]{subsubsection.3.2.2}{\376\377\173\227\154\325\116\313\176\315}{subsection.3.2}% 21
\BOOKMARK [3][-]{subsubsection.3.2.3}{\376\377\133\236\232\214\176\323\147\234\123\312\122\006\147\220}{subsection.3.2}% 22
\BOOKMARK [3][-]{subsubsection.3.2.4}{\376\377\226\104\137\125\000:\156\220\116\343\170\001}{subsection.3.2}% 23
\BOOKMARK [2][-]{subsection.3.3}{\376\377\000A\000i\000t\000k\000e\000n\124\214\000S\000t\000e\000f\000f\000e\000n\000s\000e\000n\145\271\154\325\122\240\220\037\154\102\150\071}{section.3}% 24
\BOOKMARK [3][-]{subsubsection.3.3.1}{\376\377\133\236\232\214\230\230\166\356}{subsection.3.3}% 25
\BOOKMARK [3][-]{subsubsection.3.3.2}{\376\377\173\227\154\325\116\313\176\315}{subsection.3.3}% 26
\BOOKMARK [3][-]{subsubsection.3.3.3}{\376\377\133\236\232\214\176\323\147\234\123\312\122\006\147\220}{subsection.3.3}% 27
\BOOKMARK [3][-]{subsubsection.3.3.4}{\376\377\226\104\137\125\000:\156\220\116\343\170\001}{subsection.3.3}% 28
\BOOKMARK [2][-]{subsection.3.4}{\376\377\176\374\124\010\133\236\232\214\377\032\131\032\171\315\145\271\154\325\133\371\153\324}{section.3}% 29
\BOOKMARK [3][-]{subsubsection.3.4.1}{\376\377\133\236\232\214\230\230\166\356}{subsection.3.4}% 30
\BOOKMARK [3][-]{subsubsection.3.4.2}{\376\377\173\227\154\325\116\313\176\315}{subsection.3.4}% 31
\BOOKMARK [3][-]{subsubsection.3.4.3}{\376\377\133\236\232\214\176\323\147\234\123\312\122\006\147\220}{subsection.3.4}% 32
\BOOKMARK [3][-]{subsubsection.3.4.4}{\376\377\226\104\137\125\000:\156\220\116\343\170\001}{subsection.3.4}% 33
\BOOKMARK [1][-]{section.4}{\376\377\176\277\140\047\145\271\172\013\176\304\166\204\145\160\120\074\211\343\154\325\133\236\232\214\116\016\122\006\147\220}{}% 34
\BOOKMARK [2][-]{subsection.4.1}{\376\377\000G\000a\000u\000s\000s\155\210\123\273\154\325\116\016\122\027\116\073\121\103\000G\000a\000u\000s\000s\155\210\123\273\154\325\166\204\153\324\217\203}{section.4}% 35
\BOOKMARK [3][-]{subsubsection.4.1.1}{\376\377\133\236\232\214\230\230\166\356}{subsection.4.1}% 36
\BOOKMARK [3][-]{subsubsection.4.1.2}{\376\377\173\227\154\325\116\313\176\315}{subsection.4.1}% 37
\BOOKMARK [3][-]{subsubsection.4.1.3}{\376\377\225\356\230\230\154\102\211\343\116\016\122\006\147\220}{subsection.4.1}% 38
\BOOKMARK [3][-]{subsubsection.4.1.4}{\376\377\173\227\154\325\156\220\116\343\170\001}{subsection.4.1}% 39
\BOOKMARK [2][-]{subsection.4.2}{\376\377\122\027\116\073\121\103\000G\000a\000u\000s\000s\000-\000J\000o\000r\000d\000a\000n\155\210\123\273\154\325\060\001\000L\000U\122\006\211\343\154\325\166\204\133\371\153\324}{section.4}% 40
\BOOKMARK [3][-]{subsubsection.4.2.1}{\376\377\133\236\232\214\230\230\166\356}{subsection.4.2}% 41
\BOOKMARK [3][-]{subsubsection.4.2.2}{\376\377\173\227\154\325\116\313\176\315}{subsection.4.2}% 42
\BOOKMARK [3][-]{subsubsection.4.2.3}{\376\377\225\356\230\230\154\102\211\343\116\016\122\006\147\220}{subsection.4.2}% 43
\BOOKMARK [3][-]{subsubsection.4.2.4}{\376\377\173\227\154\325\156\220\116\343\170\001}{subsection.4.2}% 44
\BOOKMARK [2][-]{subsection.4.3}{\376\377\203\003\145\160\124\214\147\141\116\366\145\160\166\204\154\102\211\343}{section.4}% 45
\BOOKMARK [3][-]{subsubsection.4.3.1}{\376\377\133\236\232\214\230\230\166\356}{subsection.4.3}% 46
\BOOKMARK [3][-]{subsubsection.4.3.2}{\376\377\230\204\131\007\167\345\213\306}{subsection.4.3}% 47
\BOOKMARK [3][-]{subsubsection.4.3.3}{\376\377\225\356\230\230\154\102\211\343\116\016\122\006\147\220}{subsection.4.3}% 48
\BOOKMARK [3][-]{subsubsection.4.3.4}{\376\377\173\227\154\325\156\220\116\343\170\001}{subsection.4.3}% 49
\BOOKMARK [2][-]{subsection.4.4}{\376\377\137\256\134\017\142\160\122\250\133\371\145\271\172\013\176\304\154\102\211\343\166\204\172\063\133\232\140\047\122\006\147\220}{section.4}% 50
\BOOKMARK [3][-]{subsubsection.4.4.1}{\376\377\133\236\232\214\230\230\166\356}{subsection.4.4}% 51
\BOOKMARK [3][-]{subsubsection.4.4.2}{\376\377\230\204\131\007\167\345\213\306}{subsection.4.4}% 52
\BOOKMARK [3][-]{subsubsection.4.4.3}{\376\377\225\356\230\230\154\102\211\343\116\016\122\006\147\220}{subsection.4.4}% 53
\BOOKMARK [3][-]{subsubsection.4.4.4}{\376\377\173\227\154\325\156\220\116\343\170\001}{subsection.4.4}% 54
\BOOKMARK [2][-]{subsection.4.5}{\376\377\000J\000a\000c\000o\000b\000i\124\214\000G\000a\000u\000s\000s\000-\000S\000e\000i\000d\000e\000l\217\355\116\343\154\325\145\066\145\133\140\047}{section.4}% 55
\BOOKMARK [3][-]{subsubsection.4.5.1}{\376\377\133\236\232\214\230\230\166\356}{subsection.4.5}% 56
\BOOKMARK [3][-]{subsubsection.4.5.2}{\376\377\230\204\131\007\167\345\213\306}{subsection.4.5}% 57
\BOOKMARK [3][-]{subsubsection.4.5.3}{\376\377\225\356\230\230\154\102\211\343\116\016\122\006\147\220}{subsection.4.5}% 58
\BOOKMARK [3][-]{subsubsection.4.5.4}{\376\377\173\227\154\325\156\220\116\343\170\001}{subsection.4.5}% 59
\BOOKMARK [2][-]{subsection.4.6}{\376\377\000J\000a\000c\000o\000b\000i\124\214\000G\000a\000u\000s\000s\000-\000S\000e\000i\000d\000e\000l\217\355\116\343\154\325\211\343\145\271\172\013\176\304}{section.4}% 60
\BOOKMARK [3][-]{subsubsection.4.6.1}{\376\377\133\236\232\214\230\230\166\356}{subsection.4.6}% 61
\BOOKMARK [3][-]{subsubsection.4.6.2}{\376\377\230\204\131\007\167\345\213\306}{subsection.4.6}% 62
\BOOKMARK [3][-]{subsubsection.4.6.3}{\376\377\225\356\230\230\154\102\211\343\116\016\122\006\147\220}{subsection.4.6}% 63
\BOOKMARK [3][-]{subsubsection.4.6.4}{\376\377\173\227\154\325\156\220\116\343\170\001}{subsection.4.6}% 64
\BOOKMARK [2][-]{subsection.4.7}{\376\377\176\374\124\010\133\236\232\214\377\032\166\364\143\245\154\325\124\214\217\355\116\343\154\325\154\102\211\343\165\305\140\001\145\271\172\013\176\304}{section.4}% 65
\BOOKMARK [3][-]{subsubsection.4.7.1}{\376\377\133\236\232\214\230\230\166\356}{subsection.4.7}% 66
\BOOKMARK [3][-]{subsubsection.4.7.2}{\376\377\133\236\232\214\121\306\131\007}{subsection.4.7}% 67
\BOOKMARK [3][-]{subsubsection.4.7.3}{\376\377\133\236\232\214\176\323\147\234\116\016\122\006\147\220}{subsection.4.7}% 68
\BOOKMARK [3][-]{subsubsection.4.7.4}{\376\377\173\227\154\325\156\220\116\343\170\001}{subsection.4.7}% 69
\BOOKMARK [1][-]{section.5}{\376\377\143\322\120\074\154\325\166\204\133\236\232\214\116\016\122\006\147\220}{}% 70
\BOOKMARK [2][-]{subsection.5.1}{\376\377\176\374\124\010\133\236\232\214\377\032\162\151\117\123\217\320\122\250\217\150\217\371\166\204\143\322\120\074\230\204\155\113}{section.5}% 71
\BOOKMARK [3][-]{subsubsection.5.1.1}{\376\377\133\236\232\214\230\230\166\356}{subsection.5.1}% 72
\BOOKMARK [3][-]{subsubsection.5.1.2}{\376\377\173\227\154\325\116\313\176\315}{subsection.5.1}% 73
\BOOKMARK [3][-]{subsubsection.5.1.3}{\376\377\133\236\232\214\176\323\147\234\123\312\122\006\147\220}{subsection.5.1}% 74
\BOOKMARK [3][-]{subsubsection.5.1.4}{\376\377\226\104\137\125\377\032\156\220\116\343\170\001}{subsection.5.1}% 75
\BOOKMARK [1][-]{section.6}{\376\377\147\000\134\017\116\214\116\130\142\337\124\010\166\204\133\236\232\214\116\016\122\006\147\220}{}% 76
\BOOKMARK [2][-]{subsection.6.1}{\376\377\176\374\124\010\133\236\232\214\377\032\167\363\154\271\116\247\221\317\230\204\155\113}{section.6}% 77
\BOOKMARK [3][-]{subsubsection.6.1.1}{\376\377\133\236\232\214\230\230\166\356}{subsection.6.1}% 78
\BOOKMARK [3][-]{subsubsection.6.1.2}{\376\377\173\227\154\325\116\313\176\315}{subsection.6.1}% 79
\BOOKMARK [3][-]{subsubsection.6.1.3}{\376\377\133\236\232\214\176\323\147\234\123\312\122\006\147\220}{subsection.6.1}% 80
\BOOKMARK [3][-]{subsubsection.6.1.4}{\376\377\226\104\137\125\377\032\156\220\116\343\170\001}{subsection.6.1}% 81
\BOOKMARK [1][-]{section.7}{\376\377\145\160\120\074\171\357\122\006\060\001\137\256\122\006\124\214\136\070\137\256\122\006\145\271\172\013\166\204\145\160\120\074\211\343\154\325}{}% 82
\BOOKMARK [2][-]{subsection.7.1}{\376\377\145\160\120\074\171\357\122\006}{section.7}% 83
\BOOKMARK [3][-]{subsubsection.7.1.1}{\376\377\230\230\166\356\116\000}{subsection.7.1}% 84
\BOOKMARK [3][-]{subsubsection.7.1.2}{\376\377\230\230\166\356\116\214}{subsection.7.1}% 85
\BOOKMARK [3][-]{subsubsection.7.1.3}{\376\377\230\230\166\356\116\011}{subsection.7.1}% 86
\BOOKMARK [2][-]{subsection.7.2}{\376\377\145\160\120\074\137\256\122\006}{section.7}% 87
\BOOKMARK [3][-]{subsubsection.7.2.1}{\376\377\230\230\166\356\116\000}{subsection.7.2}% 88
\BOOKMARK [2][-]{subsection.7.3}{\376\377\136\070\137\256\122\006\145\271\172\013\166\204\145\160\120\074\211\343\154\325}{section.7}% 89
\BOOKMARK [3][-]{subsubsection.7.3.1}{\376\377\230\230\166\356\116\000}{subsection.7.3}% 90
\BOOKMARK [1][-]{section.8}{\376\377\140\073\176\323\116\016\137\303\137\227\117\123\117\032}{}% 91
\BOOKMARK [2][-]{subsection.8.1}{\376\377\140\073\176\323}{section.8}% 92
\BOOKMARK [2][-]{subsection.8.2}{\376\377\137\303\137\227\117\123\117\032}{section.8}% 93
